[debug] [2018-04-19T03:46:49.739Z] ----------------------------------------------------------------------
[debug] [2018-04-19T03:46:49.742Z] Command:       /usr/local/Cellar/node/9.7.1/bin/node /usr/local/bin/firebase deploy --only functions
[debug] [2018-04-19T03:46:49.742Z] CLI Version:   3.18.4
[debug] [2018-04-19T03:46:49.742Z] Platform:      darwin
[debug] [2018-04-19T03:46:49.742Z] Node Version:  v9.7.1
[debug] [2018-04-19T03:46:49.743Z] Time:          Wed Apr 18 2018 23:46:49 GMT-0400 (EDT)
[debug] [2018-04-19T03:46:49.743Z] ----------------------------------------------------------------------
[debug] 
[debug] [2018-04-19T03:46:49.760Z] > command requires scopes: ["email","openid","https://www.googleapis.com/auth/cloudplatformprojects.readonly","https://www.googleapis.com/auth/firebase","https://www.googleapis.com/auth/cloud-platform"]
[debug] [2018-04-19T03:46:49.760Z] > authorizing via signed-in user
[debug] [2018-04-19T03:46:49.764Z] > refreshing access token with scopes: ["email","https://www.googleapis.com/auth/cloud-platform","https://www.googleapis.com/auth/cloudplatformprojects.readonly","https://www.googleapis.com/auth/firebase","openid"]
[debug] [2018-04-19T03:46:49.764Z] >>> HTTP REQUEST POST https://www.googleapis.com/oauth2/v3/token  
 { refresh_token: '1/DCMsNJpWn_eAjeW-55oo26RHJgfWDsca6gvgAepwZJY',
  client_id: '563584335869-fgrhgmd47bqnekij5i8b5pr03ho849e6.apps.googleusercontent.com',
  client_secret: 'j9iVZfS8kkCEFUPaAeJV0sAi',
  grant_type: 'refresh_token',
  scope: 'email https://www.googleapis.com/auth/cloud-platform https://www.googleapis.com/auth/cloudplatformprojects.readonly https://www.googleapis.com/auth/firebase openid' } 
 Wed Apr 18 2018 23:46:49 GMT-0400 (EDT)
[debug] [2018-04-19T03:46:50.015Z] <<< HTTP RESPONSE 200
[debug] [2018-04-19T03:46:50.033Z] >>> HTTP REQUEST GET https://admin.firebase.com/v1/projects/turtlegirlsmarket-64f1c  
  
 Wed Apr 18 2018 23:46:50 GMT-0400 (EDT)
[debug] [2018-04-19T03:46:50.688Z] <<< HTTP RESPONSE 200
[debug] [2018-04-19T03:46:50.689Z] >>> HTTP REQUEST GET https://admin.firebase.com/v1/database/turtlegirlsmarket-64f1c/tokens  
  
 Wed Apr 18 2018 23:46:50 GMT-0400 (EDT)
[debug] [2018-04-19T03:46:51.283Z] <<< HTTP RESPONSE 200
[info] 
[info] === Deploying to 'turtlegirlsmarket-64f1c'...
[info] 
[info] i  deploying functions
[info] Running command: npm --prefix "$RESOURCE_DIR" run lint
[info] ✔  functions: Finished running predeploy script.
[debug] [2018-04-19T03:46:57.308Z] > [functions] package.json contents: {
  "name": "functions",
  "description": "Cloud Functions for Firebase",
  "scripts": {
    "lint": "eslint .",
    "serve": "firebase serve --only functions",
    "shell": "firebase functions:shell",
    "start": "npm run shell",
    "deploy": "firebase deploy --only functions",
    "logs": "firebase functions:log"
  },
  "dependencies": {
    "firebase": "^4.12.1",
    "firebase-admin": "~5.12.0",
    "firebase-functions": "^1.0.1"
  },
  "devDependencies": {
    "eslint": "^4.12.0",
    "eslint-plugin-promise": "^3.6.0",
    "firebase-functions-test": "^0.1.1",
    "mocha": "^5.1.1"
  },
  "private": true
}
[info] i  functions: ensuring necessary APIs are enabled...
[debug] [2018-04-19T03:46:57.309Z] >>> HTTP REQUEST GET https://servicemanagement.googleapis.com/v1/services/cloudfunctions.googleapis.com/projectSettings/turtlegirlsmarket-64f1c?view=CONSUMER_VIEW  
  
 Wed Apr 18 2018 23:46:57 GMT-0400 (EDT)
[debug] [2018-04-19T03:46:57.309Z] >>> HTTP REQUEST GET https://servicemanagement.googleapis.com/v1/services/runtimeconfig.googleapis.com/projectSettings/turtlegirlsmarket-64f1c?view=CONSUMER_VIEW  
  
 Wed Apr 18 2018 23:46:57 GMT-0400 (EDT)
[debug] [2018-04-19T03:46:57.987Z] <<< HTTP RESPONSE 200
[debug] [2018-04-19T03:46:58.014Z] <<< HTTP RESPONSE 200
[info] ✔  functions: all necessary APIs are enabled
[debug] [2018-04-19T03:46:58.016Z] >>> HTTP REQUEST GET https://cloudresourcemanager.googleapis.com/v1/projects/turtlegirlsmarket-64f1c  
  
 Wed Apr 18 2018 23:46:58 GMT-0400 (EDT)
[debug] [2018-04-19T03:46:58.365Z] <<< HTTP RESPONSE 200
[debug] [2018-04-19T03:46:58.366Z] >>> HTTP REQUEST GET https://mobilesdk-pa.googleapis.com/v1/projects/134773211753:getServerAppConfig  
  
 Wed Apr 18 2018 23:46:58 GMT-0400 (EDT)
[debug] [2018-04-19T03:46:58.757Z] <<< HTTP RESPONSE 200
[info] i  functions: preparing functions directory for uploading...
[debug] [2018-04-19T03:46:58.759Z] >>> HTTP REQUEST GET https://runtimeconfig.googleapis.com/v1beta1/projects/turtlegirlsmarket-64f1c/configs  
  
 Wed Apr 18 2018 23:46:58 GMT-0400 (EDT)
[debug] [2018-04-19T03:46:59.281Z] <<< HTTP RESPONSE 200
[debug] [2018-04-19T03:46:59.283Z] >>> HTTP REQUEST GET https://runtimeconfig.googleapis.com/v1beta1/projects/turtlegirlsmarket-64f1c/configs/tgmconfig/variables  
  
 Wed Apr 18 2018 23:46:59 GMT-0400 (EDT)
[debug] [2018-04-19T03:46:59.493Z] <<< HTTP RESPONSE 200
[debug] [2018-04-19T03:46:59.494Z] >>> HTTP REQUEST GET https://runtimeconfig.googleapis.com/v1beta1/projects/turtlegirlsmarket-64f1c/configs/tgmconfig/variables/apikey  
  
 Wed Apr 18 2018 23:46:59 GMT-0400 (EDT)
[debug] [2018-04-19T03:46:59.495Z] >>> HTTP REQUEST GET https://runtimeconfig.googleapis.com/v1beta1/projects/turtlegirlsmarket-64f1c/configs/tgmconfig/variables/storeid  
  
 Wed Apr 18 2018 23:46:59 GMT-0400 (EDT)
[debug] [2018-04-19T03:46:59.725Z] <<< HTTP RESPONSE 200
[debug] [2018-04-19T03:46:59.757Z] <<< HTTP RESPONSE 200
[info] i  functions: packaged functions (56.04 KB) for uploading
[debug] [2018-04-19T03:47:00.507Z] >>> HTTP REQUEST POST https://cloudfunctions.googleapis.com/v1/projects/turtlegirlsmarket-64f1c/locations/us-central1/functions:generateUploadUrl  
  
 Wed Apr 18 2018 23:47:00 GMT-0400 (EDT)
[debug] [2018-04-19T03:47:30.945Z] <<< HTTP RESPONSE 503
[debug] [2018-04-19T03:47:30.945Z] <<< HTTP RESPONSE BODY {
  "error": {
    "code": 503,
    "message": "The service is currently unavailable.",
    "status": "UNAVAILABLE"
  }
}

[debug] [2018-04-19T03:47:30.948Z] TypeError: Cannot create property 'error' on string '{
  "error": {
    "code": 503,
    "message": "The service is currently unavailable.",
    "status": "UNAVAILABLE"
  }
}
'
    at module.exports (/usr/local/lib/node_modules/firebase-tools/lib/responseToError.js:11:16)
    at Request._callback (/usr/local/lib/node_modules/firebase-tools/lib/api.js:47:25)
    at Request.self.callback (/usr/local/lib/node_modules/firebase-tools/node_modules/request/request.js:186:22)
    at Request.emit (events.js:127:13)
    at Request.emit (domain.js:421:20)
    at Request.<anonymous> (/usr/local/lib/node_modules/firebase-tools/node_modules/request/request.js:1163:10)
    at Request.emit (events.js:127:13)
    at Request.emit (domain.js:421:20)
    at IncomingMessage.<anonymous> (/usr/local/lib/node_modules/firebase-tools/node_modules/request/request.js:1085:12)
    at Object.onceWrapper (events.js:219:13)
[error] 
[error] Error: An unexpected error has occurred.
